<?xml version="1.0" encoding="UTF-8"?>
<testsuite name="com.msproject.pet.repository.ReviewRepositoryTest" tests="1" skipped="0" failures="0" errors="0" timestamp="2023-02-07T04:10:53" hostname="DESKTOP-Q4CPRSS" time="0.887">
  <properties/>
  <testcase name="리뷰 생성" classname="com.msproject.pet.repository.ReviewRepositoryTest" time="0.887"/>
  <system-out><![CDATA[13:10:46.666 [Test worker] DEBUG org.springframework.test.context.BootstrapUtils - Instantiating CacheAwareContextLoaderDelegate from class [org.springframework.test.context.cache.DefaultCacheAwareContextLoaderDelegate]
13:10:46.680 [Test worker] DEBUG org.springframework.test.context.BootstrapUtils - Instantiating BootstrapContext using constructor [public org.springframework.test.context.support.DefaultBootstrapContext(java.lang.Class,org.springframework.test.context.CacheAwareContextLoaderDelegate)]
13:10:46.744 [Test worker] DEBUG org.springframework.test.context.BootstrapUtils - Instantiating TestContextBootstrapper for test class [com.msproject.pet.repository.ReviewRepositoryTest] from class [org.springframework.boot.test.context.SpringBootTestContextBootstrapper]
13:10:46.758 [Test worker] INFO org.springframework.boot.test.context.SpringBootTestContextBootstrapper - Neither @ContextConfiguration nor @ContextHierarchy found for test class [com.msproject.pet.repository.ReviewRepositoryTest], using SpringBootContextLoader
13:10:46.762 [Test worker] DEBUG org.springframework.test.context.support.AbstractContextLoader - Did not detect default resource location for test class [com.msproject.pet.repository.ReviewRepositoryTest]: class path resource [com/msproject/pet/repository/ReviewRepositoryTest-context.xml] does not exist
13:10:46.763 [Test worker] DEBUG org.springframework.test.context.support.AbstractContextLoader - Did not detect default resource location for test class [com.msproject.pet.repository.ReviewRepositoryTest]: class path resource [com/msproject/pet/repository/ReviewRepositoryTestContext.groovy] does not exist
13:10:46.763 [Test worker] INFO org.springframework.test.context.support.AbstractContextLoader - Could not detect default resource locations for test class [com.msproject.pet.repository.ReviewRepositoryTest]: no resource found for suffixes {-context.xml, Context.groovy}.
13:10:46.764 [Test worker] INFO org.springframework.test.context.support.AnnotationConfigContextLoaderUtils - Could not detect default configuration classes for test class [com.msproject.pet.repository.ReviewRepositoryTest]: ReviewRepositoryTest does not declare any static, non-private, non-final, nested classes annotated with @Configuration.
13:10:46.810 [Test worker] DEBUG org.springframework.test.context.support.ActiveProfilesUtils - Could not find an 'annotation declaring class' for annotation type [org.springframework.test.context.ActiveProfiles] and class [com.msproject.pet.repository.ReviewRepositoryTest]
13:10:46.881 [Test worker] DEBUG org.springframework.context.annotation.ClassPathScanningCandidateComponentProvider - Identified candidate component class: file [C:\Users\cortm\Downloads\pet\pet\build\classes\java\main\com\msproject\pet\PetApplication.class]
13:10:46.882 [Test worker] INFO org.springframework.boot.test.context.SpringBootTestContextBootstrapper - Found @SpringBootConfiguration com.msproject.pet.PetApplication for test class com.msproject.pet.repository.ReviewRepositoryTest
13:10:46.981 [Test worker] DEBUG org.springframework.boot.test.context.SpringBootTestContextBootstrapper - @TestExecutionListeners is not present for class [com.msproject.pet.repository.ReviewRepositoryTest]: using defaults.
13:10:46.982 [Test worker] INFO org.springframework.boot.test.context.SpringBootTestContextBootstrapper - Loaded default TestExecutionListener class names from location [META-INF/spring.factories]: [org.springframework.boot.test.autoconfigure.restdocs.RestDocsTestExecutionListener, org.springframework.boot.test.autoconfigure.web.client.MockRestServiceServerResetTestExecutionListener, org.springframework.boot.test.autoconfigure.web.servlet.MockMvcPrintOnlyOnFailureTestExecutionListener, org.springframework.boot.test.autoconfigure.web.servlet.WebDriverTestExecutionListener, org.springframework.boot.test.autoconfigure.webservices.client.MockWebServiceServerTestExecutionListener, org.springframework.boot.test.mock.mockito.MockitoTestExecutionListener, org.springframework.boot.test.mock.mockito.ResetMocksTestExecutionListener, org.springframework.test.context.web.ServletTestExecutionListener, org.springframework.test.context.support.DirtiesContextBeforeModesTestExecutionListener, org.springframework.test.context.event.ApplicationEventsTestExecutionListener, org.springframework.test.context.support.DependencyInjectionTestExecutionListener, org.springframework.test.context.support.DirtiesContextTestExecutionListener, org.springframework.test.context.transaction.TransactionalTestExecutionListener, org.springframework.test.context.jdbc.SqlScriptsTestExecutionListener, org.springframework.test.context.event.EventPublishingTestExecutionListener]
13:10:46.999 [Test worker] INFO org.springframework.boot.test.context.SpringBootTestContextBootstrapper - Using TestExecutionListeners: [org.springframework.test.context.web.ServletTestExecutionListener@6d8792db, org.springframework.test.context.support.DirtiesContextBeforeModesTestExecutionListener@64bc21ac, org.springframework.test.context.event.ApplicationEventsTestExecutionListener@493dfb8e, org.springframework.boot.test.mock.mockito.MockitoTestExecutionListener@5d25e6bb, org.springframework.boot.test.autoconfigure.SpringBootDependencyInjectionTestExecutionListener@ce5a68e, org.springframework.test.context.support.DirtiesContextTestExecutionListener@9d157ff, org.springframework.test.context.transaction.TransactionalTestExecutionListener@2f162cc0, org.springframework.test.context.jdbc.SqlScriptsTestExecutionListener@5df417a7, org.springframework.test.context.event.EventPublishingTestExecutionListener@7c041b41, org.springframework.boot.test.autoconfigure.restdocs.RestDocsTestExecutionListener@7f69d591, org.springframework.boot.test.autoconfigure.web.client.MockRestServiceServerResetTestExecutionListener@61078690, org.springframework.boot.test.autoconfigure.web.servlet.MockMvcPrintOnlyOnFailureTestExecutionListener@1cb3ec38, org.springframework.boot.test.autoconfigure.web.servlet.WebDriverTestExecutionListener@403132fc, org.springframework.boot.test.autoconfigure.webservices.client.MockWebServiceServerTestExecutionListener@71c5b236, org.springframework.boot.test.mock.mockito.ResetMocksTestExecutionListener@2cab9998]
13:10:47.004 [Test worker] DEBUG org.springframework.test.context.support.AbstractDirtiesContextTestExecutionListener - Before test class: context [DefaultTestContext@2416a51 testClass = ReviewRepositoryTest, testInstance = [null], testMethod = [null], testException = [null], mergedContextConfiguration = [WebMergedContextConfiguration@6fa590ba testClass = ReviewRepositoryTest, locations = '{}', classes = '{class com.msproject.pet.PetApplication}', contextInitializerClasses = '[]', activeProfiles = '{}', propertySourceLocations = '{}', propertySourceProperties = '{org.springframework.boot.test.context.SpringBootTestContextBootstrapper=true}', contextCustomizers = set[org.springframework.boot.test.autoconfigure.actuate.metrics.MetricsExportContextCustomizerFactory$DisableMetricExportContextCustomizer@43f82e78, org.springframework.boot.test.autoconfigure.properties.PropertyMappingContextCustomizer@0, org.springframework.boot.test.autoconfigure.web.servlet.WebDriverContextCustomizerFactory$Customizer@62727399, org.springframework.boot.test.context.filter.ExcludeFilterContextCustomizer@687ef2e0, org.springframework.boot.test.json.DuplicateJsonObjectContextCustomizerFactory$DuplicateJsonObjectContextCustomizer@736caf7a, org.springframework.boot.test.mock.mockito.MockitoContextCustomizer@0, org.springframework.boot.test.web.client.TestRestTemplateContextCustomizer@66565121, org.springframework.boot.test.context.SpringBootTestArgs@1, org.springframework.boot.test.context.SpringBootTestWebEnvironment@6e0f5f7f], resourceBasePath = 'src/main/webapp', contextLoader = 'org.springframework.boot.test.context.SpringBootContextLoader', parent = [null]], attributes = map['org.springframework.test.context.web.ServletTestExecutionListener.activateListener' -> true]], class annotated with @DirtiesContext [false] with mode [null].

  .   ____          _            __ _ _
 /\\ / ___'_ __ _ _(_)_ __  __ _ \ \ \ \
( ( )\___ | '_ | '_| | '_ \/ _` | \ \ \ \
 \\/  ___)| |_)| | | | | || (_| |  ) ) ) )
  '  |____| .__|_| |_|_| |_\__, | / / / /
 =========|_|==============|___/=/_/_/_/
 :: Spring Boot ::                (v2.7.7)

2023-02-07 13:10:47.402  WARN 8860 --- [    Test worker] ory$DuplicateJsonObjectContextCustomizer : 

Found multiple occurrences of org.json.JSONObject on the class path:

	jar:file:/C:/Users/cortm/.gradle/caches/modules-2/files-2.1/org.json/json/20210307/528c8df3757e8bcf151817b1d7b9b434f6aa08d5/json-20210307.jar!/org/json/JSONObject.class
	jar:file:/C:/Users/cortm/.gradle/caches/modules-2/files-2.1/com.vaadin.external.google/android-json/0.0.20131108.vaadin1/fa26d351fe62a6a17f5cda1287c1c6110dec413f/android-json-0.0.20131108.vaadin1.jar!/org/json/JSONObject.class

You may wish to exclude one of them to ensure predictable runtime behavior

2023-02-07 13:10:47.416  INFO 8860 --- [    Test worker] c.m.pet.repository.ReviewRepositoryTest  : Starting ReviewRepositoryTest using Java 17.0.4.1 on DESKTOP-Q4CPRSS with PID 8860 (started by cortm in C:\Users\cortm\Downloads\pet\pet)
2023-02-07 13:10:47.418  INFO 8860 --- [    Test worker] c.m.pet.repository.ReviewRepositoryTest  : No active profile set, falling back to 1 default profile: "default"
2023-02-07 13:10:48.182  INFO 8860 --- [    Test worker] .s.d.r.c.RepositoryConfigurationDelegate : Bootstrapping Spring Data JPA repositories in DEFAULT mode.
2023-02-07 13:10:48.275  INFO 8860 --- [    Test worker] .s.d.r.c.RepositoryConfigurationDelegate : Finished Spring Data repository scanning in 84 ms. Found 5 JPA repository interfaces.
2023-02-07 13:10:48.960  INFO 8860 --- [    Test worker] o.hibernate.jpa.internal.util.LogHelper  : HHH000204: Processing PersistenceUnitInfo [name: default]
2023-02-07 13:10:49.069  INFO 8860 --- [    Test worker] org.hibernate.Version                    : HHH000412: Hibernate ORM core version 5.6.14.Final
2023-02-07 13:10:49.371  INFO 8860 --- [    Test worker] o.hibernate.annotations.common.Version   : HCANN000001: Hibernate Commons Annotations {5.1.2.Final}
2023-02-07 13:10:49.545  INFO 8860 --- [    Test worker] com.zaxxer.hikari.HikariDataSource       : HikariPool-1 - Starting...
2023-02-07 13:10:50.001  INFO 8860 --- [    Test worker] com.zaxxer.hikari.HikariDataSource       : HikariPool-1 - Start completed.
2023-02-07 13:10:50.054  INFO 8860 --- [    Test worker] org.hibernate.dialect.Dialect            : HHH000400: Using dialect: org.hibernate.dialect.MySQL57Dialect
2023-02-07 13:10:51.224  INFO 8860 --- [    Test worker] o.h.e.t.j.p.i.JtaPlatformInitiator       : HHH000490: Using JtaPlatform implementation: [org.hibernate.engine.transaction.jta.platform.internal.NoJtaPlatform]
2023-02-07 13:10:51.243  INFO 8860 --- [    Test worker] j.LocalContainerEntityManagerFactoryBean : Initialized JPA EntityManagerFactory for persistence unit 'default'
2023-02-07 13:10:52.614  WARN 8860 --- [    Test worker] JpaBaseConfiguration$JpaWebConfiguration : spring.jpa.open-in-view is enabled by default. Therefore, database queries may be performed during view rendering. Explicitly configure spring.jpa.open-in-view to disable this warning
2023-02-07 13:10:53.097  INFO 8860 --- [    Test worker] o.s.s.web.DefaultSecurityFilterChain     : Will secure any request with [org.springframework.security.web.session.DisableEncodeUrlFilter@64f1b2fb, org.springframework.security.web.context.request.async.WebAsyncManagerIntegrationFilter@2c6553c6, org.springframework.security.web.context.SecurityContextPersistenceFilter@5058fefb, org.springframework.security.web.header.HeaderWriterFilter@cce672c, org.springframework.web.filter.CorsFilter@59ac60d1, org.springframework.security.web.authentication.logout.LogoutFilter@344acc03, com.msproject.pet.util.TokenRequestFilter@b9c9bf5, org.springframework.security.web.savedrequest.RequestCacheAwareFilter@65871cfd, org.springframework.security.web.servletapi.SecurityContextHolderAwareRequestFilter@723f8990, org.springframework.security.web.authentication.AnonymousAuthenticationFilter@1503f434, org.springframework.security.web.session.SessionManagementFilter@703947bd, org.springframework.security.web.access.ExceptionTranslationFilter@1d7f0cd0, org.springframework.security.web.access.intercept.FilterSecurityInterceptor@4f8641d1]
2023-02-07 13:10:53.885  INFO 8860 --- [    Test worker] c.m.pet.repository.ReviewRepositoryTest  : Started ReviewRepositoryTest in 6.797 seconds (JVM running for 8.218)
Hibernate: insert into review_entity (mdooate, regdate, content, delete_yn, pet_hospital_entity_hospital_id, score, user_entity_idx) values (?, ?, ?, ?, ?, ?, ?)
Hibernate: insert into review_entity (mdooate, regdate, content, delete_yn, pet_hospital_entity_hospital_id, score, user_entity_idx) values (?, ?, ?, ?, ?, ?, ?)
Hibernate: insert into review_entity (mdooate, regdate, content, delete_yn, pet_hospital_entity_hospital_id, score, user_entity_idx) values (?, ?, ?, ?, ?, ?, ?)
Hibernate: insert into review_entity (mdooate, regdate, content, delete_yn, pet_hospital_entity_hospital_id, score, user_entity_idx) values (?, ?, ?, ?, ?, ?, ?)
Hibernate: insert into review_entity (mdooate, regdate, content, delete_yn, pet_hospital_entity_hospital_id, score, user_entity_idx) values (?, ?, ?, ?, ?, ?, ?)
Hibernate: insert into review_entity (mdooate, regdate, content, delete_yn, pet_hospital_entity_hospital_id, score, user_entity_idx) values (?, ?, ?, ?, ?, ?, ?)
Hibernate: insert into review_entity (mdooate, regdate, content, delete_yn, pet_hospital_entity_hospital_id, score, user_entity_idx) values (?, ?, ?, ?, ?, ?, ?)
Hibernate: insert into review_entity (mdooate, regdate, content, delete_yn, pet_hospital_entity_hospital_id, score, user_entity_idx) values (?, ?, ?, ?, ?, ?, ?)
Hibernate: insert into review_entity (mdooate, regdate, content, delete_yn, pet_hospital_entity_hospital_id, score, user_entity_idx) values (?, ?, ?, ?, ?, ?, ?)
Hibernate: insert into review_entity (mdooate, regdate, content, delete_yn, pet_hospital_entity_hospital_id, score, user_entity_idx) values (?, ?, ?, ?, ?, ?, ?)
Hibernate: insert into review_entity (mdooate, regdate, content, delete_yn, pet_hospital_entity_hospital_id, score, user_entity_idx) values (?, ?, ?, ?, ?, ?, ?)
Hibernate: insert into review_entity (mdooate, regdate, content, delete_yn, pet_hospital_entity_hospital_id, score, user_entity_idx) values (?, ?, ?, ?, ?, ?, ?)
Hibernate: insert into review_entity (mdooate, regdate, content, delete_yn, pet_hospital_entity_hospital_id, score, user_entity_idx) values (?, ?, ?, ?, ?, ?, ?)
Hibernate: insert into review_entity (mdooate, regdate, content, delete_yn, pet_hospital_entity_hospital_id, score, user_entity_idx) values (?, ?, ?, ?, ?, ?, ?)
Hibernate: insert into review_entity (mdooate, regdate, content, delete_yn, pet_hospital_entity_hospital_id, score, user_entity_idx) values (?, ?, ?, ?, ?, ?, ?)
Hibernate: insert into review_entity (mdooate, regdate, content, delete_yn, pet_hospital_entity_hospital_id, score, user_entity_idx) values (?, ?, ?, ?, ?, ?, ?)
Hibernate: insert into review_entity (mdooate, regdate, content, delete_yn, pet_hospital_entity_hospital_id, score, user_entity_idx) values (?, ?, ?, ?, ?, ?, ?)
Hibernate: insert into review_entity (mdooate, regdate, content, delete_yn, pet_hospital_entity_hospital_id, score, user_entity_idx) values (?, ?, ?, ?, ?, ?, ?)
Hibernate: insert into review_entity (mdooate, regdate, content, delete_yn, pet_hospital_entity_hospital_id, score, user_entity_idx) values (?, ?, ?, ?, ?, ?, ?)
Hibernate: insert into review_entity (mdooate, regdate, content, delete_yn, pet_hospital_entity_hospital_id, score, user_entity_idx) values (?, ?, ?, ?, ?, ?, ?)
Hibernate: insert into review_entity (mdooate, regdate, content, delete_yn, pet_hospital_entity_hospital_id, score, user_entity_idx) values (?, ?, ?, ?, ?, ?, ?)
Hibernate: insert into review_entity (mdooate, regdate, content, delete_yn, pet_hospital_entity_hospital_id, score, user_entity_idx) values (?, ?, ?, ?, ?, ?, ?)
Hibernate: insert into review_entity (mdooate, regdate, content, delete_yn, pet_hospital_entity_hospital_id, score, user_entity_idx) values (?, ?, ?, ?, ?, ?, ?)
Hibernate: insert into review_entity (mdooate, regdate, content, delete_yn, pet_hospital_entity_hospital_id, score, user_entity_idx) values (?, ?, ?, ?, ?, ?, ?)
Hibernate: insert into review_entity (mdooate, regdate, content, delete_yn, pet_hospital_entity_hospital_id, score, user_entity_idx) values (?, ?, ?, ?, ?, ?, ?)
Hibernate: insert into review_entity (mdooate, regdate, content, delete_yn, pet_hospital_entity_hospital_id, score, user_entity_idx) values (?, ?, ?, ?, ?, ?, ?)
Hibernate: insert into review_entity (mdooate, regdate, content, delete_yn, pet_hospital_entity_hospital_id, score, user_entity_idx) values (?, ?, ?, ?, ?, ?, ?)
Hibernate: insert into review_entity (mdooate, regdate, content, delete_yn, pet_hospital_entity_hospital_id, score, user_entity_idx) values (?, ?, ?, ?, ?, ?, ?)
Hibernate: insert into review_entity (mdooate, regdate, content, delete_yn, pet_hospital_entity_hospital_id, score, user_entity_idx) values (?, ?, ?, ?, ?, ?, ?)
Hibernate: insert into review_entity (mdooate, regdate, content, delete_yn, pet_hospital_entity_hospital_id, score, user_entity_idx) values (?, ?, ?, ?, ?, ?, ?)
Hibernate: insert into review_entity (mdooate, regdate, content, delete_yn, pet_hospital_entity_hospital_id, score, user_entity_idx) values (?, ?, ?, ?, ?, ?, ?)
Hibernate: insert into review_entity (mdooate, regdate, content, delete_yn, pet_hospital_entity_hospital_id, score, user_entity_idx) values (?, ?, ?, ?, ?, ?, ?)
Hibernate: insert into review_entity (mdooate, regdate, content, delete_yn, pet_hospital_entity_hospital_id, score, user_entity_idx) values (?, ?, ?, ?, ?, ?, ?)
Hibernate: insert into review_entity (mdooate, regdate, content, delete_yn, pet_hospital_entity_hospital_id, score, user_entity_idx) values (?, ?, ?, ?, ?, ?, ?)
Hibernate: insert into review_entity (mdooate, regdate, content, delete_yn, pet_hospital_entity_hospital_id, score, user_entity_idx) values (?, ?, ?, ?, ?, ?, ?)
Hibernate: insert into review_entity (mdooate, regdate, content, delete_yn, pet_hospital_entity_hospital_id, score, user_entity_idx) values (?, ?, ?, ?, ?, ?, ?)
Hibernate: insert into review_entity (mdooate, regdate, content, delete_yn, pet_hospital_entity_hospital_id, score, user_entity_idx) values (?, ?, ?, ?, ?, ?, ?)
Hibernate: insert into review_entity (mdooate, regdate, content, delete_yn, pet_hospital_entity_hospital_id, score, user_entity_idx) values (?, ?, ?, ?, ?, ?, ?)
Hibernate: insert into review_entity (mdooate, regdate, content, delete_yn, pet_hospital_entity_hospital_id, score, user_entity_idx) values (?, ?, ?, ?, ?, ?, ?)
Hibernate: insert into review_entity (mdooate, regdate, content, delete_yn, pet_hospital_entity_hospital_id, score, user_entity_idx) values (?, ?, ?, ?, ?, ?, ?)
Hibernate: insert into review_entity (mdooate, regdate, content, delete_yn, pet_hospital_entity_hospital_id, score, user_entity_idx) values (?, ?, ?, ?, ?, ?, ?)
Hibernate: insert into review_entity (mdooate, regdate, content, delete_yn, pet_hospital_entity_hospital_id, score, user_entity_idx) values (?, ?, ?, ?, ?, ?, ?)
Hibernate: insert into review_entity (mdooate, regdate, content, delete_yn, pet_hospital_entity_hospital_id, score, user_entity_idx) values (?, ?, ?, ?, ?, ?, ?)
Hibernate: insert into review_entity (mdooate, regdate, content, delete_yn, pet_hospital_entity_hospital_id, score, user_entity_idx) values (?, ?, ?, ?, ?, ?, ?)
Hibernate: insert into review_entity (mdooate, regdate, content, delete_yn, pet_hospital_entity_hospital_id, score, user_entity_idx) values (?, ?, ?, ?, ?, ?, ?)
Hibernate: insert into review_entity (mdooate, regdate, content, delete_yn, pet_hospital_entity_hospital_id, score, user_entity_idx) values (?, ?, ?, ?, ?, ?, ?)
Hibernate: insert into review_entity (mdooate, regdate, content, delete_yn, pet_hospital_entity_hospital_id, score, user_entity_idx) values (?, ?, ?, ?, ?, ?, ?)
Hibernate: insert into review_entity (mdooate, regdate, content, delete_yn, pet_hospital_entity_hospital_id, score, user_entity_idx) values (?, ?, ?, ?, ?, ?, ?)
Hibernate: insert into review_entity (mdooate, regdate, content, delete_yn, pet_hospital_entity_hospital_id, score, user_entity_idx) values (?, ?, ?, ?, ?, ?, ?)
Hibernate: insert into review_entity (mdooate, regdate, content, delete_yn, pet_hospital_entity_hospital_id, score, user_entity_idx) values (?, ?, ?, ?, ?, ?, ?)
Hibernate: insert into review_entity (mdooate, regdate, content, delete_yn, pet_hospital_entity_hospital_id, score, user_entity_idx) values (?, ?, ?, ?, ?, ?, ?)
Hibernate: insert into review_entity (mdooate, regdate, content, delete_yn, pet_hospital_entity_hospital_id, score, user_entity_idx) values (?, ?, ?, ?, ?, ?, ?)
Hibernate: insert into review_entity (mdooate, regdate, content, delete_yn, pet_hospital_entity_hospital_id, score, user_entity_idx) values (?, ?, ?, ?, ?, ?, ?)
Hibernate: insert into review_entity (mdooate, regdate, content, delete_yn, pet_hospital_entity_hospital_id, score, user_entity_idx) values (?, ?, ?, ?, ?, ?, ?)
Hibernate: insert into review_entity (mdooate, regdate, content, delete_yn, pet_hospital_entity_hospital_id, score, user_entity_idx) values (?, ?, ?, ?, ?, ?, ?)
Hibernate: insert into review_entity (mdooate, regdate, content, delete_yn, pet_hospital_entity_hospital_id, score, user_entity_idx) values (?, ?, ?, ?, ?, ?, ?)
Hibernate: insert into review_entity (mdooate, regdate, content, delete_yn, pet_hospital_entity_hospital_id, score, user_entity_idx) values (?, ?, ?, ?, ?, ?, ?)
Hibernate: insert into review_entity (mdooate, regdate, content, delete_yn, pet_hospital_entity_hospital_id, score, user_entity_idx) values (?, ?, ?, ?, ?, ?, ?)
Hibernate: insert into review_entity (mdooate, regdate, content, delete_yn, pet_hospital_entity_hospital_id, score, user_entity_idx) values (?, ?, ?, ?, ?, ?, ?)
Hibernate: insert into review_entity (mdooate, regdate, content, delete_yn, pet_hospital_entity_hospital_id, score, user_entity_idx) values (?, ?, ?, ?, ?, ?, ?)
Hibernate: insert into review_entity (mdooate, regdate, content, delete_yn, pet_hospital_entity_hospital_id, score, user_entity_idx) values (?, ?, ?, ?, ?, ?, ?)
Hibernate: insert into review_entity (mdooate, regdate, content, delete_yn, pet_hospital_entity_hospital_id, score, user_entity_idx) values (?, ?, ?, ?, ?, ?, ?)
Hibernate: insert into review_entity (mdooate, regdate, content, delete_yn, pet_hospital_entity_hospital_id, score, user_entity_idx) values (?, ?, ?, ?, ?, ?, ?)
Hibernate: insert into review_entity (mdooate, regdate, content, delete_yn, pet_hospital_entity_hospital_id, score, user_entity_idx) values (?, ?, ?, ?, ?, ?, ?)
Hibernate: insert into review_entity (mdooate, regdate, content, delete_yn, pet_hospital_entity_hospital_id, score, user_entity_idx) values (?, ?, ?, ?, ?, ?, ?)
Hibernate: insert into review_entity (mdooate, regdate, content, delete_yn, pet_hospital_entity_hospital_id, score, user_entity_idx) values (?, ?, ?, ?, ?, ?, ?)
Hibernate: insert into review_entity (mdooate, regdate, content, delete_yn, pet_hospital_entity_hospital_id, score, user_entity_idx) values (?, ?, ?, ?, ?, ?, ?)
Hibernate: insert into review_entity (mdooate, regdate, content, delete_yn, pet_hospital_entity_hospital_id, score, user_entity_idx) values (?, ?, ?, ?, ?, ?, ?)
Hibernate: insert into review_entity (mdooate, regdate, content, delete_yn, pet_hospital_entity_hospital_id, score, user_entity_idx) values (?, ?, ?, ?, ?, ?, ?)
Hibernate: insert into review_entity (mdooate, regdate, content, delete_yn, pet_hospital_entity_hospital_id, score, user_entity_idx) values (?, ?, ?, ?, ?, ?, ?)
Hibernate: insert into review_entity (mdooate, regdate, content, delete_yn, pet_hospital_entity_hospital_id, score, user_entity_idx) values (?, ?, ?, ?, ?, ?, ?)
Hibernate: insert into review_entity (mdooate, regdate, content, delete_yn, pet_hospital_entity_hospital_id, score, user_entity_idx) values (?, ?, ?, ?, ?, ?, ?)
Hibernate: insert into review_entity (mdooate, regdate, content, delete_yn, pet_hospital_entity_hospital_id, score, user_entity_idx) values (?, ?, ?, ?, ?, ?, ?)
Hibernate: insert into review_entity (mdooate, regdate, content, delete_yn, pet_hospital_entity_hospital_id, score, user_entity_idx) values (?, ?, ?, ?, ?, ?, ?)
Hibernate: insert into review_entity (mdooate, regdate, content, delete_yn, pet_hospital_entity_hospital_id, score, user_entity_idx) values (?, ?, ?, ?, ?, ?, ?)
Hibernate: insert into review_entity (mdooate, regdate, content, delete_yn, pet_hospital_entity_hospital_id, score, user_entity_idx) values (?, ?, ?, ?, ?, ?, ?)
Hibernate: insert into review_entity (mdooate, regdate, content, delete_yn, pet_hospital_entity_hospital_id, score, user_entity_idx) values (?, ?, ?, ?, ?, ?, ?)
Hibernate: insert into review_entity (mdooate, regdate, content, delete_yn, pet_hospital_entity_hospital_id, score, user_entity_idx) values (?, ?, ?, ?, ?, ?, ?)
Hibernate: insert into review_entity (mdooate, regdate, content, delete_yn, pet_hospital_entity_hospital_id, score, user_entity_idx) values (?, ?, ?, ?, ?, ?, ?)
Hibernate: insert into review_entity (mdooate, regdate, content, delete_yn, pet_hospital_entity_hospital_id, score, user_entity_idx) values (?, ?, ?, ?, ?, ?, ?)
Hibernate: insert into review_entity (mdooate, regdate, content, delete_yn, pet_hospital_entity_hospital_id, score, user_entity_idx) values (?, ?, ?, ?, ?, ?, ?)
Hibernate: insert into review_entity (mdooate, regdate, content, delete_yn, pet_hospital_entity_hospital_id, score, user_entity_idx) values (?, ?, ?, ?, ?, ?, ?)
Hibernate: insert into review_entity (mdooate, regdate, content, delete_yn, pet_hospital_entity_hospital_id, score, user_entity_idx) values (?, ?, ?, ?, ?, ?, ?)
Hibernate: insert into review_entity (mdooate, regdate, content, delete_yn, pet_hospital_entity_hospital_id, score, user_entity_idx) values (?, ?, ?, ?, ?, ?, ?)
Hibernate: insert into review_entity (mdooate, regdate, content, delete_yn, pet_hospital_entity_hospital_id, score, user_entity_idx) values (?, ?, ?, ?, ?, ?, ?)
Hibernate: insert into review_entity (mdooate, regdate, content, delete_yn, pet_hospital_entity_hospital_id, score, user_entity_idx) values (?, ?, ?, ?, ?, ?, ?)
Hibernate: insert into review_entity (mdooate, regdate, content, delete_yn, pet_hospital_entity_hospital_id, score, user_entity_idx) values (?, ?, ?, ?, ?, ?, ?)
Hibernate: insert into review_entity (mdooate, regdate, content, delete_yn, pet_hospital_entity_hospital_id, score, user_entity_idx) values (?, ?, ?, ?, ?, ?, ?)
Hibernate: insert into review_entity (mdooate, regdate, content, delete_yn, pet_hospital_entity_hospital_id, score, user_entity_idx) values (?, ?, ?, ?, ?, ?, ?)
Hibernate: insert into review_entity (mdooate, regdate, content, delete_yn, pet_hospital_entity_hospital_id, score, user_entity_idx) values (?, ?, ?, ?, ?, ?, ?)
Hibernate: insert into review_entity (mdooate, regdate, content, delete_yn, pet_hospital_entity_hospital_id, score, user_entity_idx) values (?, ?, ?, ?, ?, ?, ?)
Hibernate: insert into review_entity (mdooate, regdate, content, delete_yn, pet_hospital_entity_hospital_id, score, user_entity_idx) values (?, ?, ?, ?, ?, ?, ?)
Hibernate: insert into review_entity (mdooate, regdate, content, delete_yn, pet_hospital_entity_hospital_id, score, user_entity_idx) values (?, ?, ?, ?, ?, ?, ?)
Hibernate: insert into review_entity (mdooate, regdate, content, delete_yn, pet_hospital_entity_hospital_id, score, user_entity_idx) values (?, ?, ?, ?, ?, ?, ?)
Hibernate: insert into review_entity (mdooate, regdate, content, delete_yn, pet_hospital_entity_hospital_id, score, user_entity_idx) values (?, ?, ?, ?, ?, ?, ?)
Hibernate: insert into review_entity (mdooate, regdate, content, delete_yn, pet_hospital_entity_hospital_id, score, user_entity_idx) values (?, ?, ?, ?, ?, ?, ?)
Hibernate: insert into review_entity (mdooate, regdate, content, delete_yn, pet_hospital_entity_hospital_id, score, user_entity_idx) values (?, ?, ?, ?, ?, ?, ?)
Hibernate: insert into review_entity (mdooate, regdate, content, delete_yn, pet_hospital_entity_hospital_id, score, user_entity_idx) values (?, ?, ?, ?, ?, ?, ?)
Hibernate: insert into review_entity (mdooate, regdate, content, delete_yn, pet_hospital_entity_hospital_id, score, user_entity_idx) values (?, ?, ?, ?, ?, ?, ?)
Hibernate: insert into review_entity (mdooate, regdate, content, delete_yn, pet_hospital_entity_hospital_id, score, user_entity_idx) values (?, ?, ?, ?, ?, ?, ?)
]]></system-out>
  <system-err><![CDATA[]]></system-err>
</testsuite>
