<?xml version="1.0" encoding="UTF-8"?>
<testsuite name="com.msproject.pet.repository.ReviewRepositoryTest" tests="1" skipped="0" failures="0" errors="0" timestamp="2023-01-30T07:52:21" hostname="DESKTOP-Q4CPRSS" time="0.636">
  <properties/>
  <testcase name="리뷰 생성" classname="com.msproject.pet.repository.ReviewRepositoryTest" time="0.636"/>
  <system-out><![CDATA[16:52:15.995 [Test worker] DEBUG org.springframework.test.context.BootstrapUtils - Instantiating CacheAwareContextLoaderDelegate from class [org.springframework.test.context.cache.DefaultCacheAwareContextLoaderDelegate]
16:52:16.005 [Test worker] DEBUG org.springframework.test.context.BootstrapUtils - Instantiating BootstrapContext using constructor [public org.springframework.test.context.support.DefaultBootstrapContext(java.lang.Class,org.springframework.test.context.CacheAwareContextLoaderDelegate)]
16:52:16.039 [Test worker] DEBUG org.springframework.test.context.BootstrapUtils - Instantiating TestContextBootstrapper for test class [com.msproject.pet.repository.ReviewRepositoryTest] from class [org.springframework.boot.test.context.SpringBootTestContextBootstrapper]
16:52:16.051 [Test worker] INFO org.springframework.boot.test.context.SpringBootTestContextBootstrapper - Neither @ContextConfiguration nor @ContextHierarchy found for test class [com.msproject.pet.repository.ReviewRepositoryTest], using SpringBootContextLoader
16:52:16.056 [Test worker] DEBUG org.springframework.test.context.support.AbstractContextLoader - Did not detect default resource location for test class [com.msproject.pet.repository.ReviewRepositoryTest]: class path resource [com/msproject/pet/repository/ReviewRepositoryTest-context.xml] does not exist
16:52:16.056 [Test worker] DEBUG org.springframework.test.context.support.AbstractContextLoader - Did not detect default resource location for test class [com.msproject.pet.repository.ReviewRepositoryTest]: class path resource [com/msproject/pet/repository/ReviewRepositoryTestContext.groovy] does not exist
16:52:16.056 [Test worker] INFO org.springframework.test.context.support.AbstractContextLoader - Could not detect default resource locations for test class [com.msproject.pet.repository.ReviewRepositoryTest]: no resource found for suffixes {-context.xml, Context.groovy}.
16:52:16.057 [Test worker] INFO org.springframework.test.context.support.AnnotationConfigContextLoaderUtils - Could not detect default configuration classes for test class [com.msproject.pet.repository.ReviewRepositoryTest]: ReviewRepositoryTest does not declare any static, non-private, non-final, nested classes annotated with @Configuration.
16:52:16.099 [Test worker] DEBUG org.springframework.test.context.support.ActiveProfilesUtils - Could not find an 'annotation declaring class' for annotation type [org.springframework.test.context.ActiveProfiles] and class [com.msproject.pet.repository.ReviewRepositoryTest]
16:52:16.175 [Test worker] DEBUG org.springframework.context.annotation.ClassPathScanningCandidateComponentProvider - Identified candidate component class: file [C:\Users\cortm\Downloads\pet\pet\build\classes\java\main\com\msproject\pet\PetApplication.class]
16:52:16.175 [Test worker] INFO org.springframework.boot.test.context.SpringBootTestContextBootstrapper - Found @SpringBootConfiguration com.msproject.pet.PetApplication for test class com.msproject.pet.repository.ReviewRepositoryTest
16:52:16.267 [Test worker] DEBUG org.springframework.boot.test.context.SpringBootTestContextBootstrapper - @TestExecutionListeners is not present for class [com.msproject.pet.repository.ReviewRepositoryTest]: using defaults.
16:52:16.267 [Test worker] INFO org.springframework.boot.test.context.SpringBootTestContextBootstrapper - Loaded default TestExecutionListener class names from location [META-INF/spring.factories]: [org.springframework.boot.test.autoconfigure.restdocs.RestDocsTestExecutionListener, org.springframework.boot.test.autoconfigure.web.client.MockRestServiceServerResetTestExecutionListener, org.springframework.boot.test.autoconfigure.web.servlet.MockMvcPrintOnlyOnFailureTestExecutionListener, org.springframework.boot.test.autoconfigure.web.servlet.WebDriverTestExecutionListener, org.springframework.boot.test.autoconfigure.webservices.client.MockWebServiceServerTestExecutionListener, org.springframework.boot.test.mock.mockito.MockitoTestExecutionListener, org.springframework.boot.test.mock.mockito.ResetMocksTestExecutionListener, org.springframework.test.context.web.ServletTestExecutionListener, org.springframework.test.context.support.DirtiesContextBeforeModesTestExecutionListener, org.springframework.test.context.event.ApplicationEventsTestExecutionListener, org.springframework.test.context.support.DependencyInjectionTestExecutionListener, org.springframework.test.context.support.DirtiesContextTestExecutionListener, org.springframework.test.context.transaction.TransactionalTestExecutionListener, org.springframework.test.context.jdbc.SqlScriptsTestExecutionListener, org.springframework.test.context.event.EventPublishingTestExecutionListener]
16:52:16.284 [Test worker] INFO org.springframework.boot.test.context.SpringBootTestContextBootstrapper - Using TestExecutionListeners: [org.springframework.test.context.web.ServletTestExecutionListener@593e824f, org.springframework.test.context.support.DirtiesContextBeforeModesTestExecutionListener@72ccd81a, org.springframework.test.context.event.ApplicationEventsTestExecutionListener@6d8792db, org.springframework.boot.test.mock.mockito.MockitoTestExecutionListener@64bc21ac, org.springframework.boot.test.autoconfigure.SpringBootDependencyInjectionTestExecutionListener@493dfb8e, org.springframework.test.context.support.DirtiesContextTestExecutionListener@5d25e6bb, org.springframework.test.context.transaction.TransactionalTestExecutionListener@ce5a68e, org.springframework.test.context.jdbc.SqlScriptsTestExecutionListener@9d157ff, org.springframework.test.context.event.EventPublishingTestExecutionListener@2f162cc0, org.springframework.boot.test.autoconfigure.restdocs.RestDocsTestExecutionListener@5df417a7, org.springframework.boot.test.autoconfigure.web.client.MockRestServiceServerResetTestExecutionListener@7c041b41, org.springframework.boot.test.autoconfigure.web.servlet.MockMvcPrintOnlyOnFailureTestExecutionListener@7f69d591, org.springframework.boot.test.autoconfigure.web.servlet.WebDriverTestExecutionListener@61078690, org.springframework.boot.test.autoconfigure.webservices.client.MockWebServiceServerTestExecutionListener@1cb3ec38, org.springframework.boot.test.mock.mockito.ResetMocksTestExecutionListener@403132fc]
16:52:16.289 [Test worker] DEBUG org.springframework.test.context.support.AbstractDirtiesContextTestExecutionListener - Before test class: context [DefaultTestContext@37ebc9d8 testClass = ReviewRepositoryTest, testInstance = [null], testMethod = [null], testException = [null], mergedContextConfiguration = [WebMergedContextConfiguration@293bb8a5 testClass = ReviewRepositoryTest, locations = '{}', classes = '{class com.msproject.pet.PetApplication}', contextInitializerClasses = '[]', activeProfiles = '{}', propertySourceLocations = '{}', propertySourceProperties = '{org.springframework.boot.test.context.SpringBootTestContextBootstrapper=true}', contextCustomizers = set[org.springframework.boot.test.autoconfigure.actuate.metrics.MetricsExportContextCustomizerFactory$DisableMetricExportContextCustomizer@2a448449, org.springframework.boot.test.autoconfigure.properties.PropertyMappingContextCustomizer@0, org.springframework.boot.test.autoconfigure.web.servlet.WebDriverContextCustomizerFactory$Customizer@13d9b21f, org.springframework.boot.test.context.filter.ExcludeFilterContextCustomizer@2654635, org.springframework.boot.test.json.DuplicateJsonObjectContextCustomizerFactory$DuplicateJsonObjectContextCustomizer@1e636ea3, org.springframework.boot.test.mock.mockito.MockitoContextCustomizer@0, org.springframework.boot.test.web.client.TestRestTemplateContextCustomizer@623e088f, org.springframework.boot.test.context.SpringBootTestArgs@1, org.springframework.boot.test.context.SpringBootTestWebEnvironment@37d4349f], resourceBasePath = 'src/main/webapp', contextLoader = 'org.springframework.boot.test.context.SpringBootContextLoader', parent = [null]], attributes = map['org.springframework.test.context.web.ServletTestExecutionListener.activateListener' -> true]], class annotated with @DirtiesContext [false] with mode [null].

  .   ____          _            __ _ _
 /\\ / ___'_ __ _ _(_)_ __  __ _ \ \ \ \
( ( )\___ | '_ | '_| | '_ \/ _` | \ \ \ \
 \\/  ___)| |_)| | | | | || (_| |  ) ) ) )
  '  |____| .__|_| |_|_| |_\__, | / / / /
 =========|_|==============|___/=/_/_/_/
 :: Spring Boot ::                (v2.7.7)

2023-01-30 16:52:16.636  WARN 24380 --- [    Test worker] ory$DuplicateJsonObjectContextCustomizer : 

Found multiple occurrences of org.json.JSONObject on the class path:

	jar:file:/C:/Users/cortm/.gradle/caches/modules-2/files-2.1/org.json/json/20210307/528c8df3757e8bcf151817b1d7b9b434f6aa08d5/json-20210307.jar!/org/json/JSONObject.class
	jar:file:/C:/Users/cortm/.gradle/caches/modules-2/files-2.1/com.vaadin.external.google/android-json/0.0.20131108.vaadin1/fa26d351fe62a6a17f5cda1287c1c6110dec413f/android-json-0.0.20131108.vaadin1.jar!/org/json/JSONObject.class

You may wish to exclude one of them to ensure predictable runtime behavior

2023-01-30 16:52:16.649  INFO 24380 --- [    Test worker] c.m.pet.repository.ReviewRepositoryTest  : Starting ReviewRepositoryTest using Java 17.0.4.1 on DESKTOP-Q4CPRSS with PID 24380 (started by cortm in C:\Users\cortm\Downloads\pet\pet)
2023-01-30 16:52:16.650  INFO 24380 --- [    Test worker] c.m.pet.repository.ReviewRepositoryTest  : No active profile set, falling back to 1 default profile: "default"
2023-01-30 16:52:17.399  INFO 24380 --- [    Test worker] .s.d.r.c.RepositoryConfigurationDelegate : Bootstrapping Spring Data JPA repositories in DEFAULT mode.
2023-01-30 16:52:17.492  INFO 24380 --- [    Test worker] .s.d.r.c.RepositoryConfigurationDelegate : Finished Spring Data repository scanning in 82 ms. Found 4 JPA repository interfaces.
2023-01-30 16:52:18.089  INFO 24380 --- [    Test worker] o.hibernate.jpa.internal.util.LogHelper  : HHH000204: Processing PersistenceUnitInfo [name: default]
2023-01-30 16:52:18.152  INFO 24380 --- [    Test worker] org.hibernate.Version                    : HHH000412: Hibernate ORM core version 5.6.14.Final
2023-01-30 16:52:18.335  INFO 24380 --- [    Test worker] o.hibernate.annotations.common.Version   : HCANN000001: Hibernate Commons Annotations {5.1.2.Final}
2023-01-30 16:52:18.457  INFO 24380 --- [    Test worker] com.zaxxer.hikari.HikariDataSource       : HikariPool-1 - Starting...
2023-01-30 16:52:18.780  INFO 24380 --- [    Test worker] com.zaxxer.hikari.HikariDataSource       : HikariPool-1 - Start completed.
2023-01-30 16:52:18.814  INFO 24380 --- [    Test worker] org.hibernate.dialect.Dialect            : HHH000400: Using dialect: org.hibernate.dialect.MySQL57Dialect
2023-01-30 16:52:19.608  INFO 24380 --- [    Test worker] o.h.e.t.j.p.i.JtaPlatformInitiator       : HHH000490: Using JtaPlatform implementation: [org.hibernate.engine.transaction.jta.platform.internal.NoJtaPlatform]
2023-01-30 16:52:19.617  INFO 24380 --- [    Test worker] j.LocalContainerEntityManagerFactoryBean : Initialized JPA EntityManagerFactory for persistence unit 'default'
2023-01-30 16:52:20.593  WARN 24380 --- [    Test worker] JpaBaseConfiguration$JpaWebConfiguration : spring.jpa.open-in-view is enabled by default. Therefore, database queries may be performed during view rendering. Explicitly configure spring.jpa.open-in-view to disable this warning
2023-01-30 16:52:21.006  INFO 24380 --- [    Test worker] o.s.s.web.DefaultSecurityFilterChain     : Will secure any request with [org.springframework.security.web.session.DisableEncodeUrlFilter@5bed8b91, org.springframework.security.web.context.request.async.WebAsyncManagerIntegrationFilter@dffcf1, org.springframework.security.web.context.SecurityContextPersistenceFilter@35a2ea5a, org.springframework.security.web.header.HeaderWriterFilter@22657db1, org.springframework.web.filter.CorsFilter@738ae785, org.springframework.security.web.authentication.logout.LogoutFilter@89178b4, com.msproject.pet.util.TokenRequestFilter@7e7987b8, org.springframework.security.web.savedrequest.RequestCacheAwareFilter@6fe91918, org.springframework.security.web.servletapi.SecurityContextHolderAwareRequestFilter@4d3bde85, org.springframework.security.web.authentication.AnonymousAuthenticationFilter@13288174, org.springframework.security.web.session.SessionManagementFilter@6a0aa5e2, org.springframework.security.web.access.ExceptionTranslationFilter@7f9b851c, org.springframework.security.web.access.intercept.FilterSecurityInterceptor@3f04fb07]
2023-01-30 16:52:21.596  INFO 24380 --- [    Test worker] c.m.pet.repository.ReviewRepositoryTest  : Started ReviewRepositoryTest in 5.244 seconds (JVM running for 6.443)
Hibernate: insert into review_entity (mdooate, regdate, content, delete_yn, pet_hospital_entity_hospital_id, score, user_entity_idx) values (?, ?, ?, ?, ?, ?, ?)
Hibernate: insert into review_entity (mdooate, regdate, content, delete_yn, pet_hospital_entity_hospital_id, score, user_entity_idx) values (?, ?, ?, ?, ?, ?, ?)
Hibernate: insert into review_entity (mdooate, regdate, content, delete_yn, pet_hospital_entity_hospital_id, score, user_entity_idx) values (?, ?, ?, ?, ?, ?, ?)
Hibernate: insert into review_entity (mdooate, regdate, content, delete_yn, pet_hospital_entity_hospital_id, score, user_entity_idx) values (?, ?, ?, ?, ?, ?, ?)
Hibernate: insert into review_entity (mdooate, regdate, content, delete_yn, pet_hospital_entity_hospital_id, score, user_entity_idx) values (?, ?, ?, ?, ?, ?, ?)
Hibernate: insert into review_entity (mdooate, regdate, content, delete_yn, pet_hospital_entity_hospital_id, score, user_entity_idx) values (?, ?, ?, ?, ?, ?, ?)
Hibernate: insert into review_entity (mdooate, regdate, content, delete_yn, pet_hospital_entity_hospital_id, score, user_entity_idx) values (?, ?, ?, ?, ?, ?, ?)
Hibernate: insert into review_entity (mdooate, regdate, content, delete_yn, pet_hospital_entity_hospital_id, score, user_entity_idx) values (?, ?, ?, ?, ?, ?, ?)
Hibernate: insert into review_entity (mdooate, regdate, content, delete_yn, pet_hospital_entity_hospital_id, score, user_entity_idx) values (?, ?, ?, ?, ?, ?, ?)
Hibernate: insert into review_entity (mdooate, regdate, content, delete_yn, pet_hospital_entity_hospital_id, score, user_entity_idx) values (?, ?, ?, ?, ?, ?, ?)
Hibernate: insert into review_entity (mdooate, regdate, content, delete_yn, pet_hospital_entity_hospital_id, score, user_entity_idx) values (?, ?, ?, ?, ?, ?, ?)
Hibernate: insert into review_entity (mdooate, regdate, content, delete_yn, pet_hospital_entity_hospital_id, score, user_entity_idx) values (?, ?, ?, ?, ?, ?, ?)
Hibernate: insert into review_entity (mdooate, regdate, content, delete_yn, pet_hospital_entity_hospital_id, score, user_entity_idx) values (?, ?, ?, ?, ?, ?, ?)
Hibernate: insert into review_entity (mdooate, regdate, content, delete_yn, pet_hospital_entity_hospital_id, score, user_entity_idx) values (?, ?, ?, ?, ?, ?, ?)
Hibernate: insert into review_entity (mdooate, regdate, content, delete_yn, pet_hospital_entity_hospital_id, score, user_entity_idx) values (?, ?, ?, ?, ?, ?, ?)
Hibernate: insert into review_entity (mdooate, regdate, content, delete_yn, pet_hospital_entity_hospital_id, score, user_entity_idx) values (?, ?, ?, ?, ?, ?, ?)
Hibernate: insert into review_entity (mdooate, regdate, content, delete_yn, pet_hospital_entity_hospital_id, score, user_entity_idx) values (?, ?, ?, ?, ?, ?, ?)
Hibernate: insert into review_entity (mdooate, regdate, content, delete_yn, pet_hospital_entity_hospital_id, score, user_entity_idx) values (?, ?, ?, ?, ?, ?, ?)
Hibernate: insert into review_entity (mdooate, regdate, content, delete_yn, pet_hospital_entity_hospital_id, score, user_entity_idx) values (?, ?, ?, ?, ?, ?, ?)
Hibernate: insert into review_entity (mdooate, regdate, content, delete_yn, pet_hospital_entity_hospital_id, score, user_entity_idx) values (?, ?, ?, ?, ?, ?, ?)
Hibernate: insert into review_entity (mdooate, regdate, content, delete_yn, pet_hospital_entity_hospital_id, score, user_entity_idx) values (?, ?, ?, ?, ?, ?, ?)
Hibernate: insert into review_entity (mdooate, regdate, content, delete_yn, pet_hospital_entity_hospital_id, score, user_entity_idx) values (?, ?, ?, ?, ?, ?, ?)
Hibernate: insert into review_entity (mdooate, regdate, content, delete_yn, pet_hospital_entity_hospital_id, score, user_entity_idx) values (?, ?, ?, ?, ?, ?, ?)
Hibernate: insert into review_entity (mdooate, regdate, content, delete_yn, pet_hospital_entity_hospital_id, score, user_entity_idx) values (?, ?, ?, ?, ?, ?, ?)
Hibernate: insert into review_entity (mdooate, regdate, content, delete_yn, pet_hospital_entity_hospital_id, score, user_entity_idx) values (?, ?, ?, ?, ?, ?, ?)
Hibernate: insert into review_entity (mdooate, regdate, content, delete_yn, pet_hospital_entity_hospital_id, score, user_entity_idx) values (?, ?, ?, ?, ?, ?, ?)
Hibernate: insert into review_entity (mdooate, regdate, content, delete_yn, pet_hospital_entity_hospital_id, score, user_entity_idx) values (?, ?, ?, ?, ?, ?, ?)
Hibernate: insert into review_entity (mdooate, regdate, content, delete_yn, pet_hospital_entity_hospital_id, score, user_entity_idx) values (?, ?, ?, ?, ?, ?, ?)
Hibernate: insert into review_entity (mdooate, regdate, content, delete_yn, pet_hospital_entity_hospital_id, score, user_entity_idx) values (?, ?, ?, ?, ?, ?, ?)
Hibernate: insert into review_entity (mdooate, regdate, content, delete_yn, pet_hospital_entity_hospital_id, score, user_entity_idx) values (?, ?, ?, ?, ?, ?, ?)
Hibernate: insert into review_entity (mdooate, regdate, content, delete_yn, pet_hospital_entity_hospital_id, score, user_entity_idx) values (?, ?, ?, ?, ?, ?, ?)
Hibernate: insert into review_entity (mdooate, regdate, content, delete_yn, pet_hospital_entity_hospital_id, score, user_entity_idx) values (?, ?, ?, ?, ?, ?, ?)
Hibernate: insert into review_entity (mdooate, regdate, content, delete_yn, pet_hospital_entity_hospital_id, score, user_entity_idx) values (?, ?, ?, ?, ?, ?, ?)
Hibernate: insert into review_entity (mdooate, regdate, content, delete_yn, pet_hospital_entity_hospital_id, score, user_entity_idx) values (?, ?, ?, ?, ?, ?, ?)
Hibernate: insert into review_entity (mdooate, regdate, content, delete_yn, pet_hospital_entity_hospital_id, score, user_entity_idx) values (?, ?, ?, ?, ?, ?, ?)
Hibernate: insert into review_entity (mdooate, regdate, content, delete_yn, pet_hospital_entity_hospital_id, score, user_entity_idx) values (?, ?, ?, ?, ?, ?, ?)
Hibernate: insert into review_entity (mdooate, regdate, content, delete_yn, pet_hospital_entity_hospital_id, score, user_entity_idx) values (?, ?, ?, ?, ?, ?, ?)
Hibernate: insert into review_entity (mdooate, regdate, content, delete_yn, pet_hospital_entity_hospital_id, score, user_entity_idx) values (?, ?, ?, ?, ?, ?, ?)
Hibernate: insert into review_entity (mdooate, regdate, content, delete_yn, pet_hospital_entity_hospital_id, score, user_entity_idx) values (?, ?, ?, ?, ?, ?, ?)
Hibernate: insert into review_entity (mdooate, regdate, content, delete_yn, pet_hospital_entity_hospital_id, score, user_entity_idx) values (?, ?, ?, ?, ?, ?, ?)
Hibernate: insert into review_entity (mdooate, regdate, content, delete_yn, pet_hospital_entity_hospital_id, score, user_entity_idx) values (?, ?, ?, ?, ?, ?, ?)
Hibernate: insert into review_entity (mdooate, regdate, content, delete_yn, pet_hospital_entity_hospital_id, score, user_entity_idx) values (?, ?, ?, ?, ?, ?, ?)
Hibernate: insert into review_entity (mdooate, regdate, content, delete_yn, pet_hospital_entity_hospital_id, score, user_entity_idx) values (?, ?, ?, ?, ?, ?, ?)
Hibernate: insert into review_entity (mdooate, regdate, content, delete_yn, pet_hospital_entity_hospital_id, score, user_entity_idx) values (?, ?, ?, ?, ?, ?, ?)
Hibernate: insert into review_entity (mdooate, regdate, content, delete_yn, pet_hospital_entity_hospital_id, score, user_entity_idx) values (?, ?, ?, ?, ?, ?, ?)
Hibernate: insert into review_entity (mdooate, regdate, content, delete_yn, pet_hospital_entity_hospital_id, score, user_entity_idx) values (?, ?, ?, ?, ?, ?, ?)
Hibernate: insert into review_entity (mdooate, regdate, content, delete_yn, pet_hospital_entity_hospital_id, score, user_entity_idx) values (?, ?, ?, ?, ?, ?, ?)
Hibernate: insert into review_entity (mdooate, regdate, content, delete_yn, pet_hospital_entity_hospital_id, score, user_entity_idx) values (?, ?, ?, ?, ?, ?, ?)
Hibernate: insert into review_entity (mdooate, regdate, content, delete_yn, pet_hospital_entity_hospital_id, score, user_entity_idx) values (?, ?, ?, ?, ?, ?, ?)
Hibernate: insert into review_entity (mdooate, regdate, content, delete_yn, pet_hospital_entity_hospital_id, score, user_entity_idx) values (?, ?, ?, ?, ?, ?, ?)
Hibernate: insert into review_entity (mdooate, regdate, content, delete_yn, pet_hospital_entity_hospital_id, score, user_entity_idx) values (?, ?, ?, ?, ?, ?, ?)
Hibernate: insert into review_entity (mdooate, regdate, content, delete_yn, pet_hospital_entity_hospital_id, score, user_entity_idx) values (?, ?, ?, ?, ?, ?, ?)
Hibernate: insert into review_entity (mdooate, regdate, content, delete_yn, pet_hospital_entity_hospital_id, score, user_entity_idx) values (?, ?, ?, ?, ?, ?, ?)
Hibernate: insert into review_entity (mdooate, regdate, content, delete_yn, pet_hospital_entity_hospital_id, score, user_entity_idx) values (?, ?, ?, ?, ?, ?, ?)
Hibernate: insert into review_entity (mdooate, regdate, content, delete_yn, pet_hospital_entity_hospital_id, score, user_entity_idx) values (?, ?, ?, ?, ?, ?, ?)
Hibernate: insert into review_entity (mdooate, regdate, content, delete_yn, pet_hospital_entity_hospital_id, score, user_entity_idx) values (?, ?, ?, ?, ?, ?, ?)
Hibernate: insert into review_entity (mdooate, regdate, content, delete_yn, pet_hospital_entity_hospital_id, score, user_entity_idx) values (?, ?, ?, ?, ?, ?, ?)
Hibernate: insert into review_entity (mdooate, regdate, content, delete_yn, pet_hospital_entity_hospital_id, score, user_entity_idx) values (?, ?, ?, ?, ?, ?, ?)
Hibernate: insert into review_entity (mdooate, regdate, content, delete_yn, pet_hospital_entity_hospital_id, score, user_entity_idx) values (?, ?, ?, ?, ?, ?, ?)
Hibernate: insert into review_entity (mdooate, regdate, content, delete_yn, pet_hospital_entity_hospital_id, score, user_entity_idx) values (?, ?, ?, ?, ?, ?, ?)
Hibernate: insert into review_entity (mdooate, regdate, content, delete_yn, pet_hospital_entity_hospital_id, score, user_entity_idx) values (?, ?, ?, ?, ?, ?, ?)
Hibernate: insert into review_entity (mdooate, regdate, content, delete_yn, pet_hospital_entity_hospital_id, score, user_entity_idx) values (?, ?, ?, ?, ?, ?, ?)
Hibernate: insert into review_entity (mdooate, regdate, content, delete_yn, pet_hospital_entity_hospital_id, score, user_entity_idx) values (?, ?, ?, ?, ?, ?, ?)
Hibernate: insert into review_entity (mdooate, regdate, content, delete_yn, pet_hospital_entity_hospital_id, score, user_entity_idx) values (?, ?, ?, ?, ?, ?, ?)
Hibernate: insert into review_entity (mdooate, regdate, content, delete_yn, pet_hospital_entity_hospital_id, score, user_entity_idx) values (?, ?, ?, ?, ?, ?, ?)
Hibernate: insert into review_entity (mdooate, regdate, content, delete_yn, pet_hospital_entity_hospital_id, score, user_entity_idx) values (?, ?, ?, ?, ?, ?, ?)
Hibernate: insert into review_entity (mdooate, regdate, content, delete_yn, pet_hospital_entity_hospital_id, score, user_entity_idx) values (?, ?, ?, ?, ?, ?, ?)
Hibernate: insert into review_entity (mdooate, regdate, content, delete_yn, pet_hospital_entity_hospital_id, score, user_entity_idx) values (?, ?, ?, ?, ?, ?, ?)
Hibernate: insert into review_entity (mdooate, regdate, content, delete_yn, pet_hospital_entity_hospital_id, score, user_entity_idx) values (?, ?, ?, ?, ?, ?, ?)
Hibernate: insert into review_entity (mdooate, regdate, content, delete_yn, pet_hospital_entity_hospital_id, score, user_entity_idx) values (?, ?, ?, ?, ?, ?, ?)
Hibernate: insert into review_entity (mdooate, regdate, content, delete_yn, pet_hospital_entity_hospital_id, score, user_entity_idx) values (?, ?, ?, ?, ?, ?, ?)
Hibernate: insert into review_entity (mdooate, regdate, content, delete_yn, pet_hospital_entity_hospital_id, score, user_entity_idx) values (?, ?, ?, ?, ?, ?, ?)
Hibernate: insert into review_entity (mdooate, regdate, content, delete_yn, pet_hospital_entity_hospital_id, score, user_entity_idx) values (?, ?, ?, ?, ?, ?, ?)
Hibernate: insert into review_entity (mdooate, regdate, content, delete_yn, pet_hospital_entity_hospital_id, score, user_entity_idx) values (?, ?, ?, ?, ?, ?, ?)
Hibernate: insert into review_entity (mdooate, regdate, content, delete_yn, pet_hospital_entity_hospital_id, score, user_entity_idx) values (?, ?, ?, ?, ?, ?, ?)
Hibernate: insert into review_entity (mdooate, regdate, content, delete_yn, pet_hospital_entity_hospital_id, score, user_entity_idx) values (?, ?, ?, ?, ?, ?, ?)
Hibernate: insert into review_entity (mdooate, regdate, content, delete_yn, pet_hospital_entity_hospital_id, score, user_entity_idx) values (?, ?, ?, ?, ?, ?, ?)
Hibernate: insert into review_entity (mdooate, regdate, content, delete_yn, pet_hospital_entity_hospital_id, score, user_entity_idx) values (?, ?, ?, ?, ?, ?, ?)
Hibernate: insert into review_entity (mdooate, regdate, content, delete_yn, pet_hospital_entity_hospital_id, score, user_entity_idx) values (?, ?, ?, ?, ?, ?, ?)
Hibernate: insert into review_entity (mdooate, regdate, content, delete_yn, pet_hospital_entity_hospital_id, score, user_entity_idx) values (?, ?, ?, ?, ?, ?, ?)
Hibernate: insert into review_entity (mdooate, regdate, content, delete_yn, pet_hospital_entity_hospital_id, score, user_entity_idx) values (?, ?, ?, ?, ?, ?, ?)
Hibernate: insert into review_entity (mdooate, regdate, content, delete_yn, pet_hospital_entity_hospital_id, score, user_entity_idx) values (?, ?, ?, ?, ?, ?, ?)
Hibernate: insert into review_entity (mdooate, regdate, content, delete_yn, pet_hospital_entity_hospital_id, score, user_entity_idx) values (?, ?, ?, ?, ?, ?, ?)
Hibernate: insert into review_entity (mdooate, regdate, content, delete_yn, pet_hospital_entity_hospital_id, score, user_entity_idx) values (?, ?, ?, ?, ?, ?, ?)
Hibernate: insert into review_entity (mdooate, regdate, content, delete_yn, pet_hospital_entity_hospital_id, score, user_entity_idx) values (?, ?, ?, ?, ?, ?, ?)
Hibernate: insert into review_entity (mdooate, regdate, content, delete_yn, pet_hospital_entity_hospital_id, score, user_entity_idx) values (?, ?, ?, ?, ?, ?, ?)
Hibernate: insert into review_entity (mdooate, regdate, content, delete_yn, pet_hospital_entity_hospital_id, score, user_entity_idx) values (?, ?, ?, ?, ?, ?, ?)
Hibernate: insert into review_entity (mdooate, regdate, content, delete_yn, pet_hospital_entity_hospital_id, score, user_entity_idx) values (?, ?, ?, ?, ?, ?, ?)
Hibernate: insert into review_entity (mdooate, regdate, content, delete_yn, pet_hospital_entity_hospital_id, score, user_entity_idx) values (?, ?, ?, ?, ?, ?, ?)
Hibernate: insert into review_entity (mdooate, regdate, content, delete_yn, pet_hospital_entity_hospital_id, score, user_entity_idx) values (?, ?, ?, ?, ?, ?, ?)
Hibernate: insert into review_entity (mdooate, regdate, content, delete_yn, pet_hospital_entity_hospital_id, score, user_entity_idx) values (?, ?, ?, ?, ?, ?, ?)
Hibernate: insert into review_entity (mdooate, regdate, content, delete_yn, pet_hospital_entity_hospital_id, score, user_entity_idx) values (?, ?, ?, ?, ?, ?, ?)
Hibernate: insert into review_entity (mdooate, regdate, content, delete_yn, pet_hospital_entity_hospital_id, score, user_entity_idx) values (?, ?, ?, ?, ?, ?, ?)
Hibernate: insert into review_entity (mdooate, regdate, content, delete_yn, pet_hospital_entity_hospital_id, score, user_entity_idx) values (?, ?, ?, ?, ?, ?, ?)
Hibernate: insert into review_entity (mdooate, regdate, content, delete_yn, pet_hospital_entity_hospital_id, score, user_entity_idx) values (?, ?, ?, ?, ?, ?, ?)
Hibernate: insert into review_entity (mdooate, regdate, content, delete_yn, pet_hospital_entity_hospital_id, score, user_entity_idx) values (?, ?, ?, ?, ?, ?, ?)
Hibernate: insert into review_entity (mdooate, regdate, content, delete_yn, pet_hospital_entity_hospital_id, score, user_entity_idx) values (?, ?, ?, ?, ?, ?, ?)
Hibernate: insert into review_entity (mdooate, regdate, content, delete_yn, pet_hospital_entity_hospital_id, score, user_entity_idx) values (?, ?, ?, ?, ?, ?, ?)
Hibernate: insert into review_entity (mdooate, regdate, content, delete_yn, pet_hospital_entity_hospital_id, score, user_entity_idx) values (?, ?, ?, ?, ?, ?, ?)
Hibernate: insert into review_entity (mdooate, regdate, content, delete_yn, pet_hospital_entity_hospital_id, score, user_entity_idx) values (?, ?, ?, ?, ?, ?, ?)
]]></system-out>
  <system-err><![CDATA[]]></system-err>
</testsuite>
